HappyBot#2916 is connected to the following guild:
Registered Flex Offenders(id: 857816115065782272)

Members in the Server:
Dog eat Dawgg#2060
MEE6#4876
StockBot#3314
Groovy#7254
sebcakes2346#6532
RYC#7016
TheGrinch#1696
Terralé#7620
ServerStats#0197
Goose#9205
NBABot#6993
kchukycheese#8331
Cabbages#9139
Soccer Guru#6185
Free#7405
empire_waist#2666
HappyBot#2916

Channels in server:
HappyBot#2916 is connected to the following guild:
Registered Flex Offenders(id: 857816115065782272)

Members in the Server:
Dog eat Dawgg#2060
MEE6#4876
StockBot#3314
Groovy#7254
sebcakes2346#6532
RYC#7016
TheGrinch#1696
Terralé#7620
ServerStats#0197
Goose#9205
NBABot#6993
kchukycheese#8331
Cabbages#9139
Soccer Guru#6185
PinkWolfy159#0574
Free#7405
empire_waist#2666
HappyBot#2916

Channels in server:
HappyBot#2916 is connected to the following guild:
Registered Flex Offenders(id: 857816115065782272)

Members in the Server:
Dog eat Dawgg#2060
MEE6#4876
StockBot#3314
Groovy#7254
sebcakes2346#6532
RYC#7016
TheGrinch#1696
Terralé#7620
ServerStats#0197
Goose#9205
NBABot#6993
kchukycheese#8331
Cabbages#9139
Soccer Guru#6185
PinkWolfy159#0574
Free#7405
empire_waist#2666
HappyBot#2916

Channels in server:
