/home/discord_admin/discord_bot/data/mp3s/Glass_Animals___Heat_Waves_(Official_Video)_mRD0_GxqHVo.mp3: No such file or directory
/home/discord_admin/discord_bot/data/mp3s/Glass_Animals___Heat_Waves_(Official_Video)_mRD0_GxqHVo.mp3: No such file or directory
/home/discord_admin/discord_bot/data/mp3s/Glass_Animals___Heat_Waves_(Official_Video)_mRD0_GxqHVo.mp3: No such file or directory
/home/discord_admin/discord_bot/data/mp3s/Glass_Animals___Heat_Waves_(Official_Video)_mRD0_GxqHVo.mp3: No such file or directory
/home/discord_admin/discord_bot/data/mp3s/Glass_Animals___Heat_Waves_(Official_Video)_mRD0_GxqHVo.mp3: No such file or directory
/home/discord_admin/discord_bot/data/mp3s/Glass_Animals___Heat_Waves_(Official_Video)_mRD0_GxqHVo.mp3: No such file or directory
/home/discord_admin/discord_bot/data/mp3s/Glass_Animals___Heat_Waves_(Official_Video)_mRD0_GxqHVo.mp3: No such file or directory
/home/discord_admin/discord_bot/data/mp3s/Glass_Animals___Heat_Waves_(Official_Video)_mRD0_GxqHVo.mp3: No such file or directory
General
<class 'discord.channel.VoiceChannel'>
💬General
<class 'discord.channel.VoiceChannel'>
begining to play


<class 'discord.voice_client.VoiceClient'>


begining to play


<class 'discord.voice_client.VoiceClient'>


<discord.voice_client.VoiceClient object at 0x7ff6b1f1d0d0>
<discord.voice_client.VoiceClient object at 0x7ff6b5ccb550>
General
<class 'discord.channel.VoiceChannel'>
💬General
<class 'discord.channel.VoiceChannel'>
done [Errno 9] Bad file descriptor
done [Errno 9] Bad file descriptor
condition met
begining to play


<class 'discord.voice_client.VoiceClient'>


begining to play


<class 'discord.voice_client.VoiceClient'>


condition met
condition met
condition met
condition met
condition met
condition met
condition met
condition met
done None
done None
condition met
begining to play


<class 'discord.voice_client.VoiceClient'>


begining to play


<class 'discord.voice_client.VoiceClient'>


condition met
condition met
condition met
condition met
condition met
condition met
condition met
condition met
done None
condition met
begining to play


<class 'discord.voice_client.VoiceClient'>


done None
condition met
begining to play


<class 'discord.voice_client.VoiceClient'>


condition met
condition met
condition met
condition met
condition met
condition met
condition met
condition met
done None
done None
condition met
begining to play


<class 'discord.voice_client.VoiceClient'>


begining to play


<class 'discord.voice_client.VoiceClient'>


done None
done None
condition met
begining to play


<class 'discord.voice_client.VoiceClient'>


begining to play


<class 'discord.voice_client.VoiceClient'>


done None
done None
condition met
begining to play


<class 'discord.voice_client.VoiceClient'>


begining to play


<class 'discord.voice_client.VoiceClient'>


done None
done None
condition met
begining to play


<class 'discord.voice_client.VoiceClient'>


begining to play


<class 'discord.voice_client.VoiceClient'>


done None
done None
<discord.voice_client.VoiceClient object at 0x7ff6bbaeb5e0>
<discord.voice_client.VoiceClient object at 0x7ff6b1857a60>
General
<class 'discord.channel.VoiceChannel'>
💬General
<class 'discord.channel.VoiceChannel'>
condition met
begining to play


<class 'discord.voice_client.VoiceClient'>


begining to play


<class 'discord.voice_client.VoiceClient'>


condition met
condition met
condition met
condition met
condition met
condition met
condition met
condition met
condition met
condition met
condition met
condition met
condition met
condition met
condition met
condition met
condition met
condition met
done None
done None
condition met
begining to play


<class 'discord.voice_client.VoiceClient'>


begining to play


<class 'discord.voice_client.VoiceClient'>


condition met
condition met
condition met
condition met
condition met
condition met
condition met
condition met
condition met
condition met
condition met
condition met
condition met
condition met
condition met
condition met
condition met
done None
condition met
begining to play


<class 'discord.voice_client.VoiceClient'>


done None
condition met
begining to play


<class 'discord.voice_client.VoiceClient'>


condition met
condition met
condition met
condition met
condition met
condition met
condition met
condition met
condition met
condition met
condition met
condition met
condition met
condition met
condition met
condition met
done None
condition met
begining to play


<class 'discord.voice_client.VoiceClient'>


done None
condition met
begining to play


<class 'discord.voice_client.VoiceClient'>


condition met
condition met
condition met
condition met
condition met
condition met
condition met
condition met
condition met
condition met
condition met
condition met
condition met
condition met
condition met
condition met
condition met
done None
done None
condition met
begining to play


<class 'discord.voice_client.VoiceClient'>


begining to play


<class 'discord.voice_client.VoiceClient'>


condition met
condition met
condition met
condition met
condition met
condition met
condition met
condition met
condition met
condition met
condition met
condition met
condition met
condition met
condition met
condition met
condition met
done None
done None
condition met
begining to play


<class 'discord.voice_client.VoiceClient'>


begining to play


<class 'discord.voice_client.VoiceClient'>


condition met
condition met
condition met
condition met
condition met
condition met
condition met
condition met
condition met
condition met
condition met
condition met
condition met
condition met
condition met
condition met
condition met
condition met
done None
done None
condition met
begining to play


<class 'discord.voice_client.VoiceClient'>


begining to play


<class 'discord.voice_client.VoiceClient'>


condition met
condition met
condition met
condition met
condition met
condition met
condition met
condition met
condition met
condition met
condition met
condition met
condition met
condition met
condition met
condition met
condition met
done None
condition met
begining to play


<class 'discord.voice_client.VoiceClient'>


done None
condition met
begining to play


<class 'discord.voice_client.VoiceClient'>


condition met
condition met
condition met
condition met
condition met
condition met
condition met
condition met
condition met
condition met
condition met
condition met
condition met
condition met
condition met
condition met
done None
done None
condition met
begining to play


<class 'discord.voice_client.VoiceClient'>


begining to play


<class 'discord.voice_client.VoiceClient'>


condition met
condition met
condition met
condition met
condition met
condition met
condition met
condition met
condition met
condition met
condition met
condition met
condition met
condition met
condition met
condition met
condition met
done None
condition met
begining to play


<class 'discord.voice_client.VoiceClient'>


done None
condition met
begining to play


<class 'discord.voice_client.VoiceClient'>


condition met
condition met
condition met
condition met
condition met
condition met
condition met
condition met
condition met
condition met
condition met
condition met
condition met
condition met
condition met
condition met
condition met
done None
condition met
begining to play


<class 'discord.voice_client.VoiceClient'>


done None
condition met
begining to play


<class 'discord.voice_client.VoiceClient'>


condition met
condition met
condition met
condition met
condition met
condition met
condition met
condition met
condition met
condition met
condition met
condition met
condition met
condition met
condition met
condition met
condition met
done None
condition met
begining to play


<class 'discord.voice_client.VoiceClient'>


done None
condition met
begining to play


<class 'discord.voice_client.VoiceClient'>


condition met
condition met
condition met
condition met
condition met
condition met
condition met
condition met
condition met
condition met
condition met
condition met
condition met
condition met
condition met
condition met
condition met
done None
done None
condition met
begining to play


<class 'discord.voice_client.VoiceClient'>


begining to play


<class 'discord.voice_client.VoiceClient'>


condition met
condition met
condition met
condition met
condition met
condition met
condition met
condition met
condition met
condition met
condition met
condition met
condition met
condition met
condition met
condition met
condition met
condition met
done None
done None
condition met
begining to play


<class 'discord.voice_client.VoiceClient'>


begining to play


<class 'discord.voice_client.VoiceClient'>


condition met
condition met
condition met
condition met
condition met
condition met
condition met
condition met
condition met
condition met
condition met
condition met
condition met
condition met
condition met
condition met
condition met
condition met
done None
done None
condition met
begining to play


<class 'discord.voice_client.VoiceClient'>


begining to play


<class 'discord.voice_client.VoiceClient'>


condition met
condition met
condition met
condition met
condition met
condition met
condition met
condition met
