General
<class 'discord.channel.VoiceChannel'>
💬General
<class 'discord.channel.VoiceChannel'>
[<discord.voice_client.VoiceClient object at 0x7fdd43660a90>, <discord.voice_client.VoiceClient object at 0x7fdd4679a700>]
begining to play


<class 'discord.voice_client.VoiceClient'>


begining to play


<class 'discord.voice_client.VoiceClient'>


<discord.voice_client.VoiceClient object at 0x7fdd43660a90> conditional met
<discord.voice_client.VoiceClient object at 0x7fdd43660a90> conditional met
<discord.voice_client.VoiceClient object at 0x7fdd43660a90> conditional met
<discord.voice_client.VoiceClient object at 0x7fdd43660a90> conditional met
<discord.voice_client.VoiceClient object at 0x7fdd43660a90> conditional met
<discord.voice_client.VoiceClient object at 0x7fdd43660a90> conditional met
<discord.voice_client.VoiceClient object at 0x7fdd43660a90> conditional met
<discord.voice_client.VoiceClient object at 0x7fdd43660a90> conditional met
<discord.voice_client.VoiceClient object at 0x7fdd43660a90> conditional met
<discord.voice_client.VoiceClient object at 0x7fdd43660a90> conditional met
<discord.voice_client.VoiceClient object at 0x7fdd43660a90> conditional met
<discord.voice_client.VoiceClient object at 0x7fdd43660a90> conditional met
<discord.voice_client.VoiceClient object at 0x7fdd43660a90> conditional met
<discord.voice_client.VoiceClient object at 0x7fdd43660a90> conditional met
<discord.voice_client.VoiceClient object at 0x7fdd43660a90> conditional met
<discord.voice_client.VoiceClient object at 0x7fdd43660a90> conditional met
<discord.voice_client.VoiceClient object at 0x7fdd43660a90> conditional met
<discord.voice_client.VoiceClient object at 0x7fdd43660a90> conditional met
<discord.voice_client.VoiceClient object at 0x7fdd43660a90> conditional met
<discord.voice_client.VoiceClient object at 0x7fdd43660a90> conditional met
<discord.voice_client.VoiceClient object at 0x7fdd43660a90> conditional met
<discord.voice_client.VoiceClient object at 0x7fdd43660a90> conditional met
<discord.voice_client.VoiceClient object at 0x7fdd43660a90> conditional met
<discord.voice_client.VoiceClient object at 0x7fdd43660a90> conditional met
<discord.voice_client.VoiceClient object at 0x7fdd43660a90> conditional met
<discord.voice_client.VoiceClient object at 0x7fdd43660a90> conditional met
<discord.voice_client.VoiceClient object at 0x7fdd43660a90> conditional met
<discord.voice_client.VoiceClient object at 0x7fdd43660a90> conditional met
<discord.voice_client.VoiceClient object at 0x7fdd43660a90> conditional met
<discord.voice_client.VoiceClient object at 0x7fdd43660a90> conditional met
<discord.voice_client.VoiceClient object at 0x7fdd43660a90> conditional met
<discord.voice_client.VoiceClient object at 0x7fdd43660a90> conditional met
<discord.voice_client.VoiceClient object at 0x7fdd43660a90> conditional met
<discord.voice_client.VoiceClient object at 0x7fdd43660a90> conditional met
<discord.voice_client.VoiceClient object at 0x7fdd43660a90> conditional met
<discord.voice_client.VoiceClient object at 0x7fdd43660a90> conditional met
<discord.voice_client.VoiceClient object at 0x7fdd43660a90> conditional met
<discord.voice_client.VoiceClient object at 0x7fdd43660a90> conditional met
<discord.voice_client.VoiceClient object at 0x7fdd43660a90> conditional met
<discord.voice_client.VoiceClient object at 0x7fdd43660a90> conditional met
<discord.voice_client.VoiceClient object at 0x7fdd43660a90> conditional met
done None
done None
begining to play


<class 'discord.voice_client.VoiceClient'>


begining to play


<class 'discord.voice_client.VoiceClient'>


<discord.voice_client.VoiceClient object at 0x7fdd43660a90> conditional met
<discord.voice_client.VoiceClient object at 0x7fdd43660a90> conditional met
<discord.voice_client.VoiceClient object at 0x7fdd43660a90> conditional met
<discord.voice_client.VoiceClient object at 0x7fdd43660a90> conditional met
<discord.voice_client.VoiceClient object at 0x7fdd43660a90> conditional met
<discord.voice_client.VoiceClient object at 0x7fdd43660a90> conditional met
<discord.voice_client.VoiceClient object at 0x7fdd43660a90> conditional met
<discord.voice_client.VoiceClient object at 0x7fdd43660a90> conditional met
<discord.voice_client.VoiceClient object at 0x7fdd43660a90> conditional met
<discord.voice_client.VoiceClient object at 0x7fdd43660a90> conditional met
<discord.voice_client.VoiceClient object at 0x7fdd43660a90> conditional met
<discord.voice_client.VoiceClient object at 0x7fdd43660a90> conditional met
<discord.voice_client.VoiceClient object at 0x7fdd43660a90> conditional met
<discord.voice_client.VoiceClient object at 0x7fdd43660a90> conditional met
<discord.voice_client.VoiceClient object at 0x7fdd43660a90> conditional met
<discord.voice_client.VoiceClient object at 0x7fdd43660a90> conditional met
<discord.voice_client.VoiceClient object at 0x7fdd43660a90> conditional met
<discord.voice_client.VoiceClient object at 0x7fdd43660a90> conditional met
<discord.voice_client.VoiceClient object at 0x7fdd43660a90> conditional met
<discord.voice_client.VoiceClient object at 0x7fdd43660a90> conditional met
<discord.voice_client.VoiceClient object at 0x7fdd43660a90> conditional met
<discord.voice_client.VoiceClient object at 0x7fdd43660a90> conditional met
<discord.voice_client.VoiceClient object at 0x7fdd43660a90> conditional met
<discord.voice_client.VoiceClient object at 0x7fdd43660a90> conditional met
<discord.voice_client.VoiceClient object at 0x7fdd43660a90> conditional met
<discord.voice_client.VoiceClient object at 0x7fdd43660a90> conditional met
<discord.voice_client.VoiceClient object at 0x7fdd43660a90> conditional met
<discord.voice_client.VoiceClient object at 0x7fdd43660a90> conditional met
<discord.voice_client.VoiceClient object at 0x7fdd43660a90> conditional met
<discord.voice_client.VoiceClient object at 0x7fdd43660a90> conditional met
<discord.voice_client.VoiceClient object at 0x7fdd43660a90> conditional met
<discord.voice_client.VoiceClient object at 0x7fdd43660a90> conditional met
<discord.voice_client.VoiceClient object at 0x7fdd43660a90> conditional met
<discord.voice_client.VoiceClient object at 0x7fdd43660a90> conditional met
<discord.voice_client.VoiceClient object at 0x7fdd43660a90> conditional met
<discord.voice_client.VoiceClient object at 0x7fdd43660a90> conditional met
<discord.voice_client.VoiceClient object at 0x7fdd43660a90> conditional met
<discord.voice_client.VoiceClient object at 0x7fdd43660a90> conditional met
<discord.voice_client.VoiceClient object at 0x7fdd43660a90> conditional met
<discord.voice_client.VoiceClient object at 0x7fdd43660a90> conditional met
<discord.voice_client.VoiceClient object at 0x7fdd43660a90> conditional met
done None
done None
begining to play


<class 'discord.voice_client.VoiceClient'>


begining to play


<class 'discord.voice_client.VoiceClient'>


<discord.voice_client.VoiceClient object at 0x7fdd43660a90> conditional met
<discord.voice_client.VoiceClient object at 0x7fdd43660a90> conditional met
<discord.voice_client.VoiceClient object at 0x7fdd43660a90> conditional met
<discord.voice_client.VoiceClient object at 0x7fdd43660a90> conditional met
<discord.voice_client.VoiceClient object at 0x7fdd43660a90> conditional met
<discord.voice_client.VoiceClient object at 0x7fdd43660a90> conditional met
<discord.voice_client.VoiceClient object at 0x7fdd43660a90> conditional met
<discord.voice_client.VoiceClient object at 0x7fdd43660a90> conditional met
<discord.voice_client.VoiceClient object at 0x7fdd43660a90> conditional met
<discord.voice_client.VoiceClient object at 0x7fdd43660a90> conditional met
<discord.voice_client.VoiceClient object at 0x7fdd43660a90> conditional met
<discord.voice_client.VoiceClient object at 0x7fdd43660a90> conditional met
<discord.voice_client.VoiceClient object at 0x7fdd43660a90> conditional met
<discord.voice_client.VoiceClient object at 0x7fdd43660a90> conditional met
<discord.voice_client.VoiceClient object at 0x7fdd43660a90> conditional met
<discord.voice_client.VoiceClient object at 0x7fdd43660a90> conditional met
<discord.voice_client.VoiceClient object at 0x7fdd43660a90> conditional met
<discord.voice_client.VoiceClient object at 0x7fdd43660a90> conditional met
<discord.voice_client.VoiceClient object at 0x7fdd43660a90> conditional met
<discord.voice_client.VoiceClient object at 0x7fdd43660a90> conditional met
<discord.voice_client.VoiceClient object at 0x7fdd43660a90> conditional met
<discord.voice_client.VoiceClient object at 0x7fdd43660a90> conditional met
<discord.voice_client.VoiceClient object at 0x7fdd43660a90> conditional met
<discord.voice_client.VoiceClient object at 0x7fdd43660a90> conditional met
<discord.voice_client.VoiceClient object at 0x7fdd43660a90> conditional met
<discord.voice_client.VoiceClient object at 0x7fdd43660a90> conditional met
<discord.voice_client.VoiceClient object at 0x7fdd43660a90> conditional met
<discord.voice_client.VoiceClient object at 0x7fdd43660a90> conditional met
<discord.voice_client.VoiceClient object at 0x7fdd43660a90> conditional met
<discord.voice_client.VoiceClient object at 0x7fdd43660a90> conditional met
<discord.voice_client.VoiceClient object at 0x7fdd43660a90> conditional met
<discord.voice_client.VoiceClient object at 0x7fdd43660a90> conditional met
<discord.voice_client.VoiceClient object at 0x7fdd43660a90> conditional met
<discord.voice_client.VoiceClient object at 0x7fdd43660a90> conditional met
<discord.voice_client.VoiceClient object at 0x7fdd43660a90> conditional met
<discord.voice_client.VoiceClient object at 0x7fdd43660a90> conditional met
<discord.voice_client.VoiceClient object at 0x7fdd43660a90> conditional met
<discord.voice_client.VoiceClient object at 0x7fdd43660a90> conditional met
<discord.voice_client.VoiceClient object at 0x7fdd43660a90> conditional met
<discord.voice_client.VoiceClient object at 0x7fdd43660a90> conditional met
<discord.voice_client.VoiceClient object at 0x7fdd43660a90> conditional met
done None
done None
begining to play


<class 'discord.voice_client.VoiceClient'>


begining to play


<class 'discord.voice_client.VoiceClient'>


<discord.voice_client.VoiceClient object at 0x7fdd43660a90> conditional met
<discord.voice_client.VoiceClient object at 0x7fdd43660a90> conditional met
<discord.voice_client.VoiceClient object at 0x7fdd43660a90> conditional met
<discord.voice_client.VoiceClient object at 0x7fdd43660a90> conditional met
<discord.voice_client.VoiceClient object at 0x7fdd43660a90> conditional met
<discord.voice_client.VoiceClient object at 0x7fdd43660a90> conditional met
<discord.voice_client.VoiceClient object at 0x7fdd43660a90> conditional met
<discord.voice_client.VoiceClient object at 0x7fdd43660a90> conditional met
<discord.voice_client.VoiceClient object at 0x7fdd43660a90> conditional met
<discord.voice_client.VoiceClient object at 0x7fdd43660a90> conditional met
<discord.voice_client.VoiceClient object at 0x7fdd43660a90> conditional met
<discord.voice_client.VoiceClient object at 0x7fdd43660a90> conditional met
<discord.voice_client.VoiceClient object at 0x7fdd43660a90> conditional met
<discord.voice_client.VoiceClient object at 0x7fdd43660a90> conditional met
<discord.voice_client.VoiceClient object at 0x7fdd43660a90> conditional met
<discord.voice_client.VoiceClient object at 0x7fdd43660a90> conditional met
<discord.voice_client.VoiceClient object at 0x7fdd43660a90> conditional met
<discord.voice_client.VoiceClient object at 0x7fdd43660a90> conditional met
<discord.voice_client.VoiceClient object at 0x7fdd43660a90> conditional met
<discord.voice_client.VoiceClient object at 0x7fdd43660a90> conditional met
<discord.voice_client.VoiceClient object at 0x7fdd43660a90> conditional met
<discord.voice_client.VoiceClient object at 0x7fdd43660a90> conditional met
<discord.voice_client.VoiceClient object at 0x7fdd43660a90> conditional met
<discord.voice_client.VoiceClient object at 0x7fdd43660a90> conditional met
<discord.voice_client.VoiceClient object at 0x7fdd43660a90> conditional met
<discord.voice_client.VoiceClient object at 0x7fdd43660a90> conditional met
<discord.voice_client.VoiceClient object at 0x7fdd43660a90> conditional met
<discord.voice_client.VoiceClient object at 0x7fdd43660a90> conditional met
<discord.voice_client.VoiceClient object at 0x7fdd43660a90> conditional met
<discord.voice_client.VoiceClient object at 0x7fdd43660a90> conditional met
<discord.voice_client.VoiceClient object at 0x7fdd43660a90> conditional met
<discord.voice_client.VoiceClient object at 0x7fdd43660a90> conditional met
<discord.voice_client.VoiceClient object at 0x7fdd43660a90> conditional met
<discord.voice_client.VoiceClient object at 0x7fdd43660a90> conditional met
<discord.voice_client.VoiceClient object at 0x7fdd43660a90> conditional met
<discord.voice_client.VoiceClient object at 0x7fdd43660a90> conditional met
<discord.voice_client.VoiceClient object at 0x7fdd43660a90> conditional met
<discord.voice_client.VoiceClient object at 0x7fdd43660a90> conditional met
<discord.voice_client.VoiceClient object at 0x7fdd43660a90> conditional met
<discord.voice_client.VoiceClient object at 0x7fdd43660a90> conditional met
<discord.voice_client.VoiceClient object at 0x7fdd43660a90> conditional met
done None
done None
begining to play


<class 'discord.voice_client.VoiceClient'>


begining to play


<class 'discord.voice_client.VoiceClient'>


<discord.voice_client.VoiceClient object at 0x7fdd43660a90> conditional met
<discord.voice_client.VoiceClient object at 0x7fdd43660a90> conditional met
<discord.voice_client.VoiceClient object at 0x7fdd43660a90> conditional met
<discord.voice_client.VoiceClient object at 0x7fdd43660a90> conditional met
<discord.voice_client.VoiceClient object at 0x7fdd43660a90> conditional met
<discord.voice_client.VoiceClient object at 0x7fdd43660a90> conditional met
<discord.voice_client.VoiceClient object at 0x7fdd43660a90> conditional met
<discord.voice_client.VoiceClient object at 0x7fdd43660a90> conditional met
<discord.voice_client.VoiceClient object at 0x7fdd43660a90> conditional met
<discord.voice_client.VoiceClient object at 0x7fdd43660a90> conditional met
<discord.voice_client.VoiceClient object at 0x7fdd43660a90> conditional met
<discord.voice_client.VoiceClient object at 0x7fdd43660a90> conditional met
<discord.voice_client.VoiceClient object at 0x7fdd43660a90> conditional met
<discord.voice_client.VoiceClient object at 0x7fdd43660a90> conditional met
<discord.voice_client.VoiceClient object at 0x7fdd43660a90> conditional met
<discord.voice_client.VoiceClient object at 0x7fdd43660a90> conditional met
<discord.voice_client.VoiceClient object at 0x7fdd43660a90> conditional met
<discord.voice_client.VoiceClient object at 0x7fdd43660a90> conditional met
<discord.voice_client.VoiceClient object at 0x7fdd43660a90> conditional met
<discord.voice_client.VoiceClient object at 0x7fdd43660a90> conditional met
<discord.voice_client.VoiceClient object at 0x7fdd43660a90> conditional met
<discord.voice_client.VoiceClient object at 0x7fdd43660a90> conditional met
<discord.voice_client.VoiceClient object at 0x7fdd43660a90> conditional met
<discord.voice_client.VoiceClient object at 0x7fdd43660a90> conditional met
<discord.voice_client.VoiceClient object at 0x7fdd43660a90> conditional met
<discord.voice_client.VoiceClient object at 0x7fdd43660a90> conditional met
<discord.voice_client.VoiceClient object at 0x7fdd43660a90> conditional met
<discord.voice_client.VoiceClient object at 0x7fdd43660a90> conditional met
<discord.voice_client.VoiceClient object at 0x7fdd43660a90> conditional met
<discord.voice_client.VoiceClient object at 0x7fdd43660a90> conditional met
<discord.voice_client.VoiceClient object at 0x7fdd43660a90> conditional met
<discord.voice_client.VoiceClient object at 0x7fdd43660a90> conditional met
<discord.voice_client.VoiceClient object at 0x7fdd43660a90> conditional met
<discord.voice_client.VoiceClient object at 0x7fdd43660a90> conditional met
<discord.voice_client.VoiceClient object at 0x7fdd43660a90> conditional met
<discord.voice_client.VoiceClient object at 0x7fdd43660a90> conditional met
<discord.voice_client.VoiceClient object at 0x7fdd43660a90> conditional met
<discord.voice_client.VoiceClient object at 0x7fdd43660a90> conditional met
<discord.voice_client.VoiceClient object at 0x7fdd43660a90> conditional met
<discord.voice_client.VoiceClient object at 0x7fdd43660a90> conditional met
<discord.voice_client.VoiceClient object at 0x7fdd43660a90> conditional met
done None
done None
begining to play


<class 'discord.voice_client.VoiceClient'>


begining to play


<class 'discord.voice_client.VoiceClient'>


<discord.voice_client.VoiceClient object at 0x7fdd43660a90> conditional met
<discord.voice_client.VoiceClient object at 0x7fdd43660a90> conditional met
<discord.voice_client.VoiceClient object at 0x7fdd43660a90> conditional met
<discord.voice_client.VoiceClient object at 0x7fdd43660a90> conditional met
<discord.voice_client.VoiceClient object at 0x7fdd43660a90> conditional met
<discord.voice_client.VoiceClient object at 0x7fdd43660a90> conditional met
<discord.voice_client.VoiceClient object at 0x7fdd43660a90> conditional met
<discord.voice_client.VoiceClient object at 0x7fdd43660a90> conditional met
<discord.voice_client.VoiceClient object at 0x7fdd43660a90> conditional met
<discord.voice_client.VoiceClient object at 0x7fdd43660a90> conditional met
<discord.voice_client.VoiceClient object at 0x7fdd43660a90> conditional met
<discord.voice_client.VoiceClient object at 0x7fdd43660a90> conditional met
<discord.voice_client.VoiceClient object at 0x7fdd43660a90> conditional met
<discord.voice_client.VoiceClient object at 0x7fdd43660a90> conditional met
<discord.voice_client.VoiceClient object at 0x7fdd43660a90> conditional met
<discord.voice_client.VoiceClient object at 0x7fdd43660a90> conditional met
<discord.voice_client.VoiceClient object at 0x7fdd43660a90> conditional met
<discord.voice_client.VoiceClient object at 0x7fdd43660a90> conditional met
<discord.voice_client.VoiceClient object at 0x7fdd43660a90> conditional met
<discord.voice_client.VoiceClient object at 0x7fdd43660a90> conditional met
<discord.voice_client.VoiceClient object at 0x7fdd43660a90> conditional met
<discord.voice_client.VoiceClient object at 0x7fdd43660a90> conditional met
<discord.voice_client.VoiceClient object at 0x7fdd43660a90> conditional met
<discord.voice_client.VoiceClient object at 0x7fdd43660a90> conditional met
<discord.voice_client.VoiceClient object at 0x7fdd43660a90> conditional met
<discord.voice_client.VoiceClient object at 0x7fdd43660a90> conditional met
<discord.voice_client.VoiceClient object at 0x7fdd43660a90> conditional met
<discord.voice_client.VoiceClient object at 0x7fdd43660a90> conditional met
<discord.voice_client.VoiceClient object at 0x7fdd43660a90> conditional met
<discord.voice_client.VoiceClient object at 0x7fdd43660a90> conditional met
<discord.voice_client.VoiceClient object at 0x7fdd43660a90> conditional met
<discord.voice_client.VoiceClient object at 0x7fdd43660a90> conditional met
<discord.voice_client.VoiceClient object at 0x7fdd43660a90> conditional met
<discord.voice_client.VoiceClient object at 0x7fdd43660a90> conditional met
<discord.voice_client.VoiceClient object at 0x7fdd43660a90> conditional met
<discord.voice_client.VoiceClient object at 0x7fdd43660a90> conditional met
<discord.voice_client.VoiceClient object at 0x7fdd43660a90> conditional met
done None
done [Errno 9] Bad file descriptor
