 * Serving Flask app 'app' (lazy loading)
 * Environment: production
   WARNING: This is a development server. Do not use it in a production deployment.
   Use a production WSGI server instead.
 * Debug mode: off
Traceback (most recent call last):
  File "/home/discord_admin/discord_bot/WebApp/./app.py", line 23, in <module>
    app.run(host="0.0.0.0", port=80)
  File "/home/linuxbrew/.linuxbrew/Cellar/python@3.9/3.9.6/lib/python3.9/site-packages/flask/app.py", line 922, in run
    run_simple(t.cast(str, host), port, self, **options)
  File "/home/linuxbrew/.linuxbrew/Cellar/python@3.9/3.9.6/lib/python3.9/site-packages/werkzeug/serving.py", line 1008, in run_simple
    inner()
  File "/home/linuxbrew/.linuxbrew/Cellar/python@3.9/3.9.6/lib/python3.9/site-packages/werkzeug/serving.py", line 948, in inner
    srv = make_server(
  File "/home/linuxbrew/.linuxbrew/Cellar/python@3.9/3.9.6/lib/python3.9/site-packages/werkzeug/serving.py", line 780, in make_server
    return ThreadedWSGIServer(
  File "/home/linuxbrew/.linuxbrew/Cellar/python@3.9/3.9.6/lib/python3.9/site-packages/werkzeug/serving.py", line 686, in __init__
    super().__init__(server_address, handler)  # type: ignore
  File "/home/linuxbrew/.linuxbrew/Cellar/python@3.9/3.9.6/lib/python3.9/socketserver.py", line 452, in __init__
    self.server_bind()
  File "/home/linuxbrew/.linuxbrew/Cellar/python@3.9/3.9.6/lib/python3.9/http/server.py", line 138, in server_bind
    socketserver.TCPServer.server_bind(self)
  File "/home/linuxbrew/.linuxbrew/Cellar/python@3.9/3.9.6/lib/python3.9/socketserver.py", line 466, in server_bind
    self.socket.bind(self.server_address)
PermissionError: [Errno 13] Permission denied
 * Serving Flask app 'app' (lazy loading)
 * Environment: production
   WARNING: This is a development server. Do not use it in a production deployment.
   Use a production WSGI server instead.
 * Debug mode: off
 * Running on all addresses.
   WARNING: This is a development server. Do not use it in a production deployment.
 * Running on http://10.168.0.4:80/ (Press CTRL+C to quit)
